<?xml version="1.0" encoding="UTF-8"?>
<!-- Generated by org.testng.reporters.JUnitReportReporter -->
<testsuite skipped="0" hostname="OWNMUM-49272" name="SaucePackage.SauceDemoLogin" tests="1" failures="0" timestamp="2022-09-11T13:01:48 IST" time="53.958" errors="0">
  <testcase name="loginTest" time="53.958" classname="SaucePackage.SauceDemoLogin"/>
  <system-out/>
</testsuite> <!-- SaucePackage.SauceDemoLogin -->
