<?xml version="1.0" encoding="UTF-8"?>
<!-- Generated by org.testng.reporters.JUnitReportReporter -->
<testsuite skipped="0" hostname="OWNMUM-49272" name="SaucePackage.SauceDemoLogin" tests="1" failures="0" timestamp="11 Sep 2022 09:41:24 GMT" time="31.260" errors="0">
  <testcase name="loginTest" time="31.260" classname="SaucePackage.SauceDemoLogin"/>
</testsuite> <!-- SaucePackage.SauceDemoLogin -->
